<?xml version="1.0" encoding="UTF-8"?>
<!-- Generated by org.testng.reporters.JUnitReportReporter -->
<testsuite hostname="LX-BLR-LT-002" failures="0" tests="1" name="Linkcxo_TestCases_BasePage.LinkCxoBasePage" time="30.916" errors="0" timestamp="2024-02-26T12:54:33 IST" skipped="0">
  <testcase classname="Linkcxo_TestCases_BasePage.LinkCxoBasePage" name="setUp" time="30.916"/>
  <system-out/>
</testsuite> <!-- Linkcxo_TestCases_BasePage.LinkCxoBasePage -->
